C:\Users\Xiaobao\OneDrive\Code\VS2015\PFHook\PFHook_sys\PFHook_sys.vcxproj(113,5): warning MSB4011: 无法再次导入“C:\Program Files (x86)\MSBuild\Microsoft.Cpp\v4.0\V140\BuildCustomizations\masm.props”。可能已在“C:\Program Files (x86)\Windows Kits\10\build\WindowsDriver.Shared.props (463,3)”处导入过它。这很可能是生成创作错误。将忽略此后续导入。
C:\Users\Xiaobao\OneDrive\Code\VS2015\PFHook\PFHook_sys\PFHook_sys.vcxproj(197,5): warning MSB4011: 无法再次导入“C:\Program Files (x86)\MSBuild\Microsoft.Cpp\v4.0\V140\BuildCustomizations\masm.targets”。可能已在“C:\Program Files (x86)\Windows Kits\10\build\WindowsDriver.common.targets (1832,3)”处导入过它。这很可能是生成创作错误。将忽略此后续导入。
  Building 'PFHook_sys' with toolset 'WindowsKernelModeDriver10.0' and the 'Universal' target platform.
  Stamping Debug\PFHook_sys.inf [Version] section with DriverVer=10/16/2016,12.30.32.690
  Assembling base\vtasm.asm...
base\vtasm.asm(5): error A2013: .MODEL must precede this directive
base\vtasm.asm(6): error A2034: must be in segment block
base\vtasm.asm(7): error A2034: must be in segment block
base\vtasm.asm(9): error A2034: must be in segment block
base\vtasm.asm(10): error A2034: must be in segment block
base\vtasm.asm(11): error A2034: must be in segment block
base\vtasm.asm(12): error A2034: must be in segment block
base\vtasm.asm(13): error A2034: must be in segment block
base\vtasm.asm(14): error A2034: must be in segment block
base\vtasm.asm(15): error A2034: must be in segment block
base\vtasm.asm(16): error A2034: must be in segment block
base\vtasm.asm(17): error A2034: must be in segment block
base\vtasm.asm(18): error A2034: must be in segment block
base\vtasm.asm(19): error A2034: must be in segment block
base\vtasm.asm(20): error A2034: must be in segment block
base\vtasm.asm(21): error A2034: must be in segment block
base\vtasm.asm(22): error A2034: must be in segment block
base\vtasm.asm(23): error A2034: must be in segment block
base\vtasm.asm(24): error A2034: must be in segment block
base\vtasm.asm(25): error A2034: must be in segment block
base\vtasm.asm(27): error A2013: .MODEL must precede this directive
base\vtasm.asm(29): error A2034: must be in segment block : Asm_CPUID
base\vtasm.asm(30): error A2034: must be in segment block
base\vtasm.asm(31): error A2034: must be in segment block
base\vtasm.asm(32): error A2034: must be in segment block
base\vtasm.asm(33): error A2034: must be in segment block
base\vtasm.asm(35): error A2034: must be in segment block
base\vtasm.asm(36): error A2034: must be in segment block
base\vtasm.asm(37): error A2034: must be in segment block
base\vtasm.asm(38): error A2034: must be in segment block
base\vtasm.asm(39): error A2034: must be in segment block
base\vtasm.asm(40): error A2034: must be in segment block
base\vtasm.asm(41): error A2034: must be in segment block
base\vtasm.asm(42): error A2034: must be in segment block
base\vtasm.asm(43): error A2034: must be in segment block
base\vtasm.asm(45): error A2034: must be in segment block
base\vtasm.asm(46): error A2034: must be in segment block
base\vtasm.asm(47): error A2034: must be in segment block
base\vtasm.asm(48): error A2034: must be in segment block
base\vtasm.asm(49): error A2034: must be in segment block
base\vtasm.asm(50): fatal error A1010: unmatched block nesting : Asm_CPUID
C:\Program Files (x86)\MSBuild\Microsoft.Cpp\v4.0\V140\BuildCustomizations\masm.targets(50,5): error MSB3721: 命令“ml.exe /c /nologo /Zi /Fo"Debug\vtasm.obj" /W3 /errorReport:prompt  /Tabase\vtasm.asm”已退出，返回代码为 1。
